<?xml version="1.0" encoding="UTF-8"?>
<testsuite xmlns:xsi="http://www.w3.org/2001/XMLSchema-instance" xsi:noNamespaceSchemaLocation="https://maven.apache.org/surefire/maven-surefire-plugin/xsd/surefire-test-report.xsd" name="cucumberOptions.TestRunner" time="5.951" tests="8" errors="0" skipped="0" failures="0">
  <properties>
[...]
</properties>
  <testcase name="Given User connects to Openweather website" classname="| /data/2.5/weather | 03867,us | 3813494aebca6ec7206ddd5fedd5961b |" time="0.002"/>
  <testcase name="Then Using Resource:/data/2.5/weather and Zip:03867,us and Key:3813494aebca6ec7206ddd5fedd5961b Assert that status code is ok" classname="| /data/2.5/weather | 03867,us | 3813494aebca6ec7206ddd5fedd5961b |" time="0"/>
  <testcase name="Then Using Resource:/data/2.5/weather and Zip:03867,us and Key:3813494aebca6ec7206ddd5fedd5961b Assert that response is in Json Format" classname="| /data/2.5/weather | 03867,us | 3813494aebca6ec7206ddd5fedd5961b |" time="0"/>
  <testcase name="Then Using Resource:/data/2.5/weather and Zip:03867,us and Key:3813494aebca6ec7206ddd5fedd5961b Validate the city name from response" classname="| /data/2.5/weather | 03867,us | 3813494aebca6ec7206ddd5fedd5961b |" time="0"/>
  <testcase name="Then Using Resource:/data/2.5/weather and Zip:03867,us and Key:3813494aebca6ec7206ddd5fedd5961b Get the temperature from your response" classname="| /data/2.5/weather | 03867,us | 3813494aebca6ec7206ddd5fedd5961b |" time="0"/>
  <testcase name="Then Using Resource:/data/2.5/weather and Zip:03867,us and Key:3813494aebca6ec7206ddd5fedd5961b Validate the response time" classname="| /data/2.5/weather | 03867,us | 3813494aebca6ec7206ddd5fedd5961b |" time="0"/>
  <testcase name="Then Using Resource:/data/2.5/weather and Zip:03867,us and Key:3813494aebca6ec7206ddd5fedd5961b Assert on the Latitude and Longitude from the response" classname="| /data/2.5/weather | 03867,us | 3813494aebca6ec7206ddd5fedd5961b |" time="0"/>
  <testcase name="| /data/2.5/weather | 03867,us | 3813494aebca6ec7206ddd5fedd5961b |" classname="| /data/2.5/weather | 03867,us | 3813494aebca6ec7206ddd5fedd5961b |" time="0"/>
</testsuite>